{"/home/leonardo.aguiar/Documentos/Projetos/Estudos/React/desafioFormSinglePage/src/App.jsx": {"path":"/home/leonardo.aguiar/Documentos/Projetos/Estudos/React/desafioFormSinglePage/src/App.jsx","statementMap":{"0":{"start":{"line":9,"column":4},"end":{"line":16,"column":5}}},"fnMap":{"0":{"name":"App","decl":{"start":{"line":8,"column":9},"end":{"line":8,"column":12}},"loc":{"start":{"line":8,"column":15},"end":{"line":17,"column":1}},"line":8}},"branchMap":{},"s":{"0":0},"f":{"0":0},"b":{}}
,"/home/leonardo.aguiar/Documentos/Projetos/Estudos/React/desafioFormSinglePage/src/main.jsx": {"path":"/home/leonardo.aguiar/Documentos/Projetos/Estudos/React/desafioFormSinglePage/src/main.jsx","statementMap":{"0":{"start":{"line":7,"column":0},"end":{"line":11,"column":1}}},"fnMap":{},"branchMap":{},"s":{"0":0},"f":{},"b":{}}
,"/home/leonardo.aguiar/Documentos/Projetos/Estudos/React/desafioFormSinglePage/src/components/Box/index.jsx": {"path":"/home/leonardo.aguiar/Documentos/Projetos/Estudos/React/desafioFormSinglePage/src/components/Box/index.jsx","statementMap":{"0":{"start":{"line":3,"column":12},"end":{"line":9,"column":1}},"1":{"start":{"line":4,"column":2},"end":{"line":8,"column":3}}},"fnMap":{"0":{"name":"(anonymous_0)","decl":{"start":{"line":3,"column":12},"end":{"line":3,"column":13}},"loc":{"start":{"line":3,"column":27},"end":{"line":9,"column":1}},"line":3}},"branchMap":{},"s":{"0":0,"1":0},"f":{"0":0},"b":{}}
,"/home/leonardo.aguiar/Documentos/Projetos/Estudos/React/desafioFormSinglePage/src/components/CustomInput/index.jsx": {"path":"/home/leonardo.aguiar/Documentos/Projetos/Estudos/React/desafioFormSinglePage/src/components/CustomInput/index.jsx","statementMap":{"0":{"start":{"line":6,"column":20},"end":{"line":29,"column":1}},"1":{"start":{"line":7,"column":54},"end":{"line":7,"column":66}},"2":{"start":{"line":9,"column":2},"end":{"line":11,"column":25}},"3":{"start":{"line":10,"column":6},"end":{"line":10,"column":78}},"4":{"start":{"line":13,"column":2},"end":{"line":20,"column":3}},"5":{"start":{"line":14,"column":4},"end":{"line":19,"column":5}},"6":{"start":{"line":16,"column":91},"end":{"line":16,"column":121}},"7":{"start":{"line":22,"column":2},"end":{"line":28,"column":3}},"8":{"start":{"line":25,"column":99},"end":{"line":25,"column":127}}},"fnMap":{"0":{"name":"(anonymous_0)","decl":{"start":{"line":6,"column":20},"end":{"line":6,"column":21}},"loc":{"start":{"line":6,"column":101},"end":{"line":29,"column":1}},"line":6},"1":{"name":"(anonymous_1)","decl":{"start":{"line":9,"column":12},"end":{"line":9,"column":13}},"loc":{"start":{"line":9,"column":18},"end":{"line":11,"column":3}},"line":9},"2":{"name":"(anonymous_2)","decl":{"start":{"line":16,"column":86},"end":{"line":16,"column":87}},"loc":{"start":{"line":16,"column":91},"end":{"line":16,"column":121}},"line":16},"3":{"name":"(anonymous_3)","decl":{"start":{"line":25,"column":94},"end":{"line":25,"column":95}},"loc":{"start":{"line":25,"column":99},"end":{"line":25,"column":127}},"line":25}},"branchMap":{"0":{"loc":{"start":{"line":10,"column":28},"end":{"line":10,"column":76}},"type":"cond-expr","locations":[{"start":{"line":10,"column":57},"end":{"line":10,"column":66}},{"start":{"line":10,"column":69},"end":{"line":10,"column":76}}],"line":10},"1":{"loc":{"start":{"line":13,"column":2},"end":{"line":20,"column":3}},"type":"if","locations":[{"start":{"line":13,"column":2},"end":{"line":20,"column":3}},{"start":{},"end":{}}],"line":13},"2":{"loc":{"start":{"line":24,"column":24},"end":{"line":24,"column":43}},"type":"cond-expr","locations":[{"start":{"line":24,"column":35},"end":{"line":24,"column":38}},{"start":{"line":24,"column":41},"end":{"line":24,"column":43}}],"line":24}},"s":{"0":1,"1":2,"2":2,"3":1,"4":2,"5":0,"6":0,"7":2,"8":0},"f":{"0":2,"1":1,"2":0,"3":0},"b":{"0":[0,1],"1":[0,2],"2":[0,2]},"_coverageSchema":"1a1c01bbd47fc00a2c39e90264f33305004495a9","hash":"766e653f81c46272c49c142ced47af9287fac287"}
,"/home/leonardo.aguiar/Documentos/Projetos/Estudos/React/desafioFormSinglePage/src/components/Header/index.jsx": {"path":"/home/leonardo.aguiar/Documentos/Projetos/Estudos/React/desafioFormSinglePage/src/components/Header/index.jsx","statementMap":{"0":{"start":{"line":5,"column":15},"end":{"line":12,"column":1}},"1":{"start":{"line":6,"column":2},"end":{"line":11,"column":3}}},"fnMap":{"0":{"name":"(anonymous_0)","decl":{"start":{"line":5,"column":15},"end":{"line":5,"column":16}},"loc":{"start":{"line":5,"column":30},"end":{"line":12,"column":1}},"line":5}},"branchMap":{},"s":{"0":0,"1":0},"f":{"0":0},"b":{}}
,"/home/leonardo.aguiar/Documentos/Projetos/Estudos/React/desafioFormSinglePage/src/pages/Home/index.jsx": {"path":"/home/leonardo.aguiar/Documentos/Projetos/Estudos/React/desafioFormSinglePage/src/pages/Home/index.jsx","statementMap":{"0":{"start":{"line":9,"column":13},"end":{"line":113,"column":1}},"1":{"start":{"line":10,"column":21},"end":{"line":10,"column":34}},"2":{"start":{"line":12,"column":28},"end":{"line":12,"column":72}},"3":{"start":{"line":13,"column":30},"end":{"line":13,"column":75}},"4":{"start":{"line":14,"column":30},"end":{"line":14,"column":75}},"5":{"start":{"line":15,"column":36},"end":{"line":15,"column":48}},"6":{"start":{"line":16,"column":36},"end":{"line":16,"column":84}},"7":{"start":{"line":17,"column":46},"end":{"line":17,"column":61}},"8":{"start":{"line":19,"column":42},"end":{"line":19,"column":52}},"9":{"start":{"line":20,"column":44},"end":{"line":20,"column":54}},"10":{"start":{"line":21,"column":44},"end":{"line":21,"column":54}},"11":{"start":{"line":22,"column":50},"end":{"line":22,"column":60}},"12":{"start":{"line":23,"column":50},"end":{"line":23,"column":60}},"13":{"start":{"line":24,"column":52},"end":{"line":24,"column":62}},"14":{"start":{"line":26,"column":22},"end":{"line":26,"column":74}},"15":{"start":{"line":27,"column":23},"end":{"line":27,"column":110}},"16":{"start":{"line":28,"column":26},"end":{"line":28,"column":50}},"17":{"start":{"line":29,"column":23},"end":{"line":29,"column":49}},"18":{"start":{"line":31,"column":27},"end":{"line":35,"column":5}},"19":{"start":{"line":32,"column":26},"end":{"line":32,"column":36}},"20":{"start":{"line":34,"column":8},"end":{"line":34,"column":105}},"21":{"start":{"line":37,"column":25},"end":{"line":46,"column":5}},"22":{"start":{"line":38,"column":8},"end":{"line":38,"column":27}},"23":{"start":{"line":40,"column":8},"end":{"line":40,"column":45}},"24":{"start":{"line":41,"column":8},"end":{"line":41,"column":48}},"25":{"start":{"line":42,"column":8},"end":{"line":42,"column":70}},"26":{"start":{"line":43,"column":8},"end":{"line":43,"column":57}},"27":{"start":{"line":44,"column":8},"end":{"line":44,"column":53}},"28":{"start":{"line":45,"column":8},"end":{"line":45,"column":43}},"29":{"start":{"line":48,"column":4},"end":{"line":70,"column":7}},"30":{"start":{"line":49,"column":8},"end":{"line":62,"column":9}},"31":{"start":{"line":57,"column":12},"end":{"line":57,"column":44}},"32":{"start":{"line":58,"column":12},"end":{"line":58,"column":45}},"33":{"start":{"line":59,"column":12},"end":{"line":59,"column":45}},"34":{"start":{"line":60,"column":12},"end":{"line":60,"column":48}},"35":{"start":{"line":61,"column":12},"end":{"line":61,"column":47}},"36":{"start":{"line":72,"column":4},"end":{"line":82,"column":7}},"37":{"start":{"line":73,"column":8},"end":{"line":73,"column":43}},"38":{"start":{"line":74,"column":8},"end":{"line":74,"column":45}},"39":{"start":{"line":75,"column":8},"end":{"line":75,"column":45}},"40":{"start":{"line":76,"column":8},"end":{"line":76,"column":51}},"41":{"start":{"line":84,"column":4},"end":{"line":112,"column":5}},"42":{"start":{"line":86,"column":33},"end":{"line":86,"column":48}}},"fnMap":{"0":{"name":"(anonymous_0)","decl":{"start":{"line":9,"column":13},"end":{"line":9,"column":14}},"loc":{"start":{"line":9,"column":19},"end":{"line":113,"column":1}},"line":9},"1":{"name":"(anonymous_1)","decl":{"start":{"line":31,"column":27},"end":{"line":31,"column":28}},"loc":{"start":{"line":31,"column":45},"end":{"line":35,"column":5}},"line":31},"2":{"name":"(anonymous_2)","decl":{"start":{"line":37,"column":25},"end":{"line":37,"column":26}},"loc":{"start":{"line":37,"column":32},"end":{"line":46,"column":5}},"line":37},"3":{"name":"(anonymous_3)","decl":{"start":{"line":48,"column":14},"end":{"line":48,"column":15}},"loc":{"start":{"line":48,"column":20},"end":{"line":63,"column":5}},"line":48},"4":{"name":"(anonymous_4)","decl":{"start":{"line":72,"column":14},"end":{"line":72,"column":15}},"loc":{"start":{"line":72,"column":20},"end":{"line":77,"column":5}},"line":72},"5":{"name":"(anonymous_5)","decl":{"start":{"line":86,"column":28},"end":{"line":86,"column":29}},"loc":{"start":{"line":86,"column":33},"end":{"line":86,"column":48}},"line":86}},"branchMap":{"0":{"loc":{"start":{"line":12,"column":37},"end":{"line":12,"column":71}},"type":"binary-expr","locations":[{"start":{"line":12,"column":37},"end":{"line":12,"column":65}},{"start":{"line":12,"column":69},"end":{"line":12,"column":71}}],"line":12},"1":{"loc":{"start":{"line":13,"column":39},"end":{"line":13,"column":74}},"type":"binary-expr","locations":[{"start":{"line":13,"column":39},"end":{"line":13,"column":68}},{"start":{"line":13,"column":72},"end":{"line":13,"column":74}}],"line":13},"2":{"loc":{"start":{"line":14,"column":39},"end":{"line":14,"column":74}},"type":"binary-expr","locations":[{"start":{"line":14,"column":39},"end":{"line":14,"column":68}},{"start":{"line":14,"column":72},"end":{"line":14,"column":74}}],"line":14},"3":{"loc":{"start":{"line":16,"column":45},"end":{"line":16,"column":83}},"type":"binary-expr","locations":[{"start":{"line":16,"column":45},"end":{"line":16,"column":77}},{"start":{"line":16,"column":81},"end":{"line":16,"column":83}}],"line":16},"4":{"loc":{"start":{"line":34,"column":15},"end":{"line":34,"column":104}},"type":"binary-expr","locations":[{"start":{"line":34,"column":15},"end":{"line":34,"column":95}},{"start":{"line":34,"column":99},"end":{"line":34,"column":104}}],"line":34},"5":{"loc":{"start":{"line":49,"column":8},"end":{"line":62,"column":9}},"type":"if","locations":[{"start":{"line":49,"column":8},"end":{"line":62,"column":9}},{"start":{},"end":{}}],"line":49},"6":{"loc":{"start":{"line":50,"column":12},"end":{"line":55,"column":37}},"type":"binary-expr","locations":[{"start":{"line":50,"column":12},"end":{"line":50,"column":32}},{"start":{"line":51,"column":12},"end":{"line":51,"column":33}},{"start":{"line":52,"column":12},"end":{"line":52,"column":33}},{"start":{"line":53,"column":12},"end":{"line":53,"column":36}},{"start":{"line":54,"column":12},"end":{"line":54,"column":36}},{"start":{"line":55,"column":12},"end":{"line":55,"column":37}}],"line":50}},"s":{"0":0,"1":0,"2":0,"3":0,"4":0,"5":0,"6":0,"7":0,"8":0,"9":0,"10":0,"11":0,"12":0,"13":0,"14":0,"15":0,"16":0,"17":0,"18":0,"19":0,"20":0,"21":0,"22":0,"23":0,"24":0,"25":0,"26":0,"27":0,"28":0,"29":0,"30":0,"31":0,"32":0,"33":0,"34":0,"35":0,"36":0,"37":0,"38":0,"39":0,"40":0,"41":0,"42":0},"f":{"0":0,"1":0,"2":0,"3":0,"4":0,"5":0},"b":{"0":[0,0],"1":[0,0],"2":[0,0],"3":[0,0],"4":[0,0],"5":[0,0],"6":[0,0,0,0,0,0]}}
,"/home/leonardo.aguiar/Documentos/Projetos/Estudos/React/desafioFormSinglePage/src/pages/Sucess/index.jsx": {"path":"/home/leonardo.aguiar/Documentos/Projetos/Estudos/React/desafioFormSinglePage/src/pages/Sucess/index.jsx","statementMap":{"0":{"start":{"line":7,"column":15},"end":{"line":28,"column":1}},"1":{"start":{"line":8,"column":21},"end":{"line":8,"column":34}},"2":{"start":{"line":9,"column":22},"end":{"line":9,"column":35}},"3":{"start":{"line":11,"column":4},"end":{"line":15,"column":11}},"4":{"start":{"line":12,"column":8},"end":{"line":14,"column":9}},"5":{"start":{"line":13,"column":12},"end":{"line":13,"column":29}},"6":{"start":{"line":17,"column":4},"end":{"line":27,"column":5}}},"fnMap":{"0":{"name":"(anonymous_0)","decl":{"start":{"line":7,"column":15},"end":{"line":7,"column":16}},"loc":{"start":{"line":7,"column":21},"end":{"line":28,"column":1}},"line":7},"1":{"name":"(anonymous_1)","decl":{"start":{"line":11,"column":14},"end":{"line":11,"column":15}},"loc":{"start":{"line":11,"column":20},"end":{"line":15,"column":5}},"line":11}},"branchMap":{"0":{"loc":{"start":{"line":12,"column":8},"end":{"line":14,"column":9}},"type":"if","locations":[{"start":{"line":12,"column":8},"end":{"line":14,"column":9}},{"start":{},"end":{}}],"line":12}},"s":{"0":0,"1":0,"2":0,"3":0,"4":0,"5":0,"6":0},"f":{"0":0,"1":0},"b":{"0":[0,0]}}
,"/home/leonardo.aguiar/Documentos/Projetos/Estudos/React/desafioFormSinglePage/src/pages/_401/index.jsx": {"path":"/home/leonardo.aguiar/Documentos/Projetos/Estudos/React/desafioFormSinglePage/src/pages/_401/index.jsx","statementMap":{"0":{"start":{"line":6,"column":13},"end":{"line":18,"column":1}},"1":{"start":{"line":7,"column":2},"end":{"line":17,"column":3}}},"fnMap":{"0":{"name":"(anonymous_0)","decl":{"start":{"line":6,"column":13},"end":{"line":6,"column":14}},"loc":{"start":{"line":6,"column":19},"end":{"line":18,"column":1}},"line":6}},"branchMap":{},"s":{"0":0,"1":0},"f":{"0":0},"b":{}}
,"/home/leonardo.aguiar/Documentos/Projetos/Estudos/React/desafioFormSinglePage/src/pages/_404/index.jsx": {"path":"/home/leonardo.aguiar/Documentos/Projetos/Estudos/React/desafioFormSinglePage/src/pages/_404/index.jsx","statementMap":{"0":{"start":{"line":6,"column":13},"end":{"line":18,"column":1}},"1":{"start":{"line":7,"column":2},"end":{"line":17,"column":3}}},"fnMap":{"0":{"name":"(anonymous_0)","decl":{"start":{"line":6,"column":13},"end":{"line":6,"column":14}},"loc":{"start":{"line":6,"column":19},"end":{"line":18,"column":1}},"line":6}},"branchMap":{},"s":{"0":0,"1":0},"f":{"0":0},"b":{}}
,"/home/leonardo.aguiar/Documentos/Projetos/Estudos/React/desafioFormSinglePage/src/stories/Button.jsx": {"path":"/home/leonardo.aguiar/Documentos/Projetos/Estudos/React/desafioFormSinglePage/src/stories/Button.jsx","statementMap":{"0":{"start":{"line":8,"column":22},"end":{"line":20,"column":1}},"1":{"start":{"line":9,"column":15},"end":{"line":9,"column":84}},"2":{"start":{"line":10,"column":2},"end":{"line":19,"column":4}},"3":{"start":{"line":22,"column":0},"end":{"line":43,"column":2}},"4":{"start":{"line":45,"column":0},"end":{"line":50,"column":2}}},"fnMap":{"0":{"name":"(anonymous_0)","decl":{"start":{"line":8,"column":22},"end":{"line":8,"column":23}},"loc":{"start":{"line":8,"column":79},"end":{"line":20,"column":1}},"line":8}},"branchMap":{"0":{"loc":{"start":{"line":9,"column":15},"end":{"line":9,"column":84}},"type":"cond-expr","locations":[{"start":{"line":9,"column":25},"end":{"line":9,"column":52}},{"start":{"line":9,"column":55},"end":{"line":9,"column":84}}],"line":9},"1":{"loc":{"start":{"line":14,"column":13},"end":{"line":14,"column":51}},"type":"binary-expr","locations":[{"start":{"line":14,"column":13},"end":{"line":14,"column":28}},{"start":{"line":14,"column":32},"end":{"line":14,"column":51}}],"line":14}},"s":{"0":0,"1":0,"2":0,"3":0,"4":0},"f":{"0":0},"b":{"0":[0,0],"1":[0,0]}}
,"/home/leonardo.aguiar/Documentos/Projetos/Estudos/React/desafioFormSinglePage/src/stories/Button.stories.jsx": {"path":"/home/leonardo.aguiar/Documentos/Projetos/Estudos/React/desafioFormSinglePage/src/stories/Button.stories.jsx","statementMap":{"0":{"start":{"line":16,"column":17},"end":{"line":16,"column":47}},"1":{"start":{"line":16,"column":27},"end":{"line":16,"column":47}},"2":{"start":{"line":18,"column":23},"end":{"line":18,"column":40}},"3":{"start":{"line":20,"column":0},"end":{"line":23,"column":2}},"4":{"start":{"line":25,"column":25},"end":{"line":25,"column":42}},"5":{"start":{"line":26,"column":0},"end":{"line":28,"column":2}},"6":{"start":{"line":30,"column":21},"end":{"line":30,"column":38}},"7":{"start":{"line":31,"column":0},"end":{"line":34,"column":2}},"8":{"start":{"line":36,"column":21},"end":{"line":36,"column":38}},"9":{"start":{"line":37,"column":0},"end":{"line":40,"column":2}}},"fnMap":{"0":{"name":"(anonymous_0)","decl":{"start":{"line":16,"column":17},"end":{"line":16,"column":18}},"loc":{"start":{"line":16,"column":27},"end":{"line":16,"column":47}},"line":16}},"branchMap":{},"s":{"0":0,"1":0,"2":0,"3":0,"4":0,"5":0,"6":0,"7":0,"8":0,"9":0},"f":{"0":0},"b":{}}
,"/home/leonardo.aguiar/Documentos/Projetos/Estudos/React/desafioFormSinglePage/src/stories/Header.jsx": {"path":"/home/leonardo.aguiar/Documentos/Projetos/Estudos/React/desafioFormSinglePage/src/stories/Header.jsx","statementMap":{"0":{"start":{"line":7,"column":22},"end":{"line":46,"column":1}},"1":{"start":{"line":8,"column":2},"end":{"line":45,"column":11}},"2":{"start":{"line":48,"column":0},"end":{"line":53,"column":2}},"3":{"start":{"line":55,"column":0},"end":{"line":57,"column":2}}},"fnMap":{"0":{"name":"(anonymous_0)","decl":{"start":{"line":7,"column":22},"end":{"line":7,"column":23}},"loc":{"start":{"line":8,"column":2},"end":{"line":45,"column":11}},"line":8}},"branchMap":{"0":{"loc":{"start":{"line":30,"column":9},"end":{"line":42,"column":9}},"type":"cond-expr","locations":[{"start":{"line":31,"column":10},"end":{"line":36,"column":13}},{"start":{"line":38,"column":10},"end":{"line":41,"column":13}}],"line":30}},"s":{"0":0,"1":0,"2":0,"3":0},"f":{"0":0},"b":{"0":[0,0]}}
,"/home/leonardo.aguiar/Documentos/Projetos/Estudos/React/desafioFormSinglePage/src/stories/Header.stories.jsx": {"path":"/home/leonardo.aguiar/Documentos/Projetos/Estudos/React/desafioFormSinglePage/src/stories/Header.stories.jsx","statementMap":{"0":{"start":{"line":14,"column":17},"end":{"line":14,"column":47}},"1":{"start":{"line":14,"column":27},"end":{"line":14,"column":47}},"2":{"start":{"line":16,"column":24},"end":{"line":16,"column":41}},"3":{"start":{"line":17,"column":0},"end":{"line":21,"column":2}},"4":{"start":{"line":23,"column":25},"end":{"line":23,"column":42}},"5":{"start":{"line":24,"column":0},"end":{"line":24,"column":20}}},"fnMap":{"0":{"name":"(anonymous_0)","decl":{"start":{"line":14,"column":17},"end":{"line":14,"column":18}},"loc":{"start":{"line":14,"column":27},"end":{"line":14,"column":47}},"line":14}},"branchMap":{},"s":{"0":0,"1":0,"2":0,"3":0,"4":0,"5":0},"f":{"0":0},"b":{}}
,"/home/leonardo.aguiar/Documentos/Projetos/Estudos/React/desafioFormSinglePage/src/stories/Page.jsx": {"path":"/home/leonardo.aguiar/Documentos/Projetos/Estudos/React/desafioFormSinglePage/src/stories/Page.jsx","statementMap":{"0":{"start":{"line":6,"column":20},"end":{"line":69,"column":1}},"1":{"start":{"line":7,"column":26},"end":{"line":7,"column":42}},"2":{"start":{"line":9,"column":2},"end":{"line":68,"column":4}},"3":{"start":{"line":13,"column":23},"end":{"line":13,"column":52}},"4":{"start":{"line":14,"column":24},"end":{"line":14,"column":42}},"5":{"start":{"line":15,"column":31},"end":{"line":15,"column":60}}},"fnMap":{"0":{"name":"(anonymous_0)","decl":{"start":{"line":6,"column":20},"end":{"line":6,"column":21}},"loc":{"start":{"line":6,"column":26},"end":{"line":69,"column":1}},"line":6},"1":{"name":"(anonymous_1)","decl":{"start":{"line":13,"column":17},"end":{"line":13,"column":18}},"loc":{"start":{"line":13,"column":23},"end":{"line":13,"column":52}},"line":13},"2":{"name":"(anonymous_2)","decl":{"start":{"line":14,"column":18},"end":{"line":14,"column":19}},"loc":{"start":{"line":14,"column":24},"end":{"line":14,"column":42}},"line":14},"3":{"name":"(anonymous_3)","decl":{"start":{"line":15,"column":25},"end":{"line":15,"column":26}},"loc":{"start":{"line":15,"column":31},"end":{"line":15,"column":60}},"line":15}},"branchMap":{},"s":{"0":0,"1":0,"2":0,"3":0,"4":0,"5":0},"f":{"0":0,"1":0,"2":0,"3":0},"b":{}}
,"/home/leonardo.aguiar/Documentos/Projetos/Estudos/React/desafioFormSinglePage/src/stories/Page.stories.jsx": {"path":"/home/leonardo.aguiar/Documentos/Projetos/Estudos/React/desafioFormSinglePage/src/stories/Page.stories.jsx","statementMap":{"0":{"start":{"line":15,"column":17},"end":{"line":15,"column":45}},"1":{"start":{"line":15,"column":27},"end":{"line":15,"column":45}},"2":{"start":{"line":18,"column":25},"end":{"line":18,"column":42}},"3":{"start":{"line":20,"column":24},"end":{"line":20,"column":41}},"4":{"start":{"line":21,"column":0},"end":{"line":25,"column":2}},"5":{"start":{"line":22,"column":17},"end":{"line":22,"column":38}},"6":{"start":{"line":23,"column":22},"end":{"line":23,"column":75}},"7":{"start":{"line":24,"column":2},"end":{"line":24,"column":37}}},"fnMap":{"0":{"name":"(anonymous_0)","decl":{"start":{"line":15,"column":17},"end":{"line":15,"column":18}},"loc":{"start":{"line":15,"column":27},"end":{"line":15,"column":45}},"line":15},"1":{"name":"(anonymous_1)","decl":{"start":{"line":21,"column":16},"end":{"line":21,"column":17}},"loc":{"start":{"line":21,"column":45},"end":{"line":25,"column":1}},"line":21}},"branchMap":{},"s":{"0":0,"1":0,"2":0,"3":0,"4":0,"5":0,"6":0,"7":0},"f":{"0":0,"1":0},"b":{}}
}
